# JRE version: OpenJDK Runtime Environment (8.0_181-b13) (build 1.8.0_181-8u181-b13-2~deb9u1-b13)
# Java VM: OpenJDK 64-Bit Server VM (25.181-b13 mixed mode linux-amd64 compressed oops)
Heap:
 PSYoungGen      total 35840K, used 27051K [0x00000000d8100000, 0x00000000dc700000, 0x0000000100000000)
  eden space 30720K, 71% used [0x00000000d8100000,0x00000000d966e280,0x00000000d9f00000)
  from space 5120K, 99% used [0x00000000da400000,0x00000000da8fcc70,0x00000000da900000)
  to   space 5120K, 0% used [0x00000000d9f00000,0x00000000d9f00000,0x00000000da400000)
 ParOldGen       total 81920K, used 2641K [0x0000000088200000, 0x000000008d200000, 0x00000000d8100000)
  object space 81920K, 3% used [0x0000000088200000,0x00000000884946d8,0x000000008d200000)
 Metaspace       used 15002K, capacity 15742K, committed 15872K, reserved 1062912K
  class space    used 2098K, capacity 2292K, committed 2304K, reserved 1048576K
GC Heap History (4 events):
Event: 0,627 GC heap before
{Heap before GC invocations=1 (full 0):
 PSYoungGen      total 35840K, used 30720K [0x00000000d8100000, 0x00000000da900000, 0x0000000100000000)
  eden space 30720K, 100% used [0x00000000d8100000,0x00000000d9f00000,0x00000000d9f00000)
  from space 5120K, 0% used [0x00000000da400000,0x00000000da400000,0x00000000da900000)
  to   space 5120K, 0% used [0x00000000d9f00000,0x00000000d9f00000,0x00000000da400000)
 ParOldGen       total 81920K, used 0K [0x0000000088200000, 0x000000008d200000, 0x00000000d8100000)
  object space 81920K, 0% used [0x0000000088200000,0x0000000088200000,0x000000008d200000)
 Metaspace       used 9887K, capacity 10206K, committed 10368K, reserved 1058816K
  class space    used 1231K, capacity 1345K, committed 1408K, reserved 1048576K
Event: 0,634 GC heap after
Heap after GC invocations=1 (full 0):
 PSYoungGen      total 35840K, used 5113K [0x00000000d8100000, 0x00000000da900000, 0x0000000100000000)
  eden space 30720K, 0% used [0x00000000d8100000,0x00000000d8100000,0x00000000d9f00000)
  from space 5120K, 99% used [0x00000000d9f00000,0x00000000da3fe7c0,0x00000000da400000)
  to   space 5120K, 0% used [0x00000000da400000,0x00000000da400000,0x00000000da900000)
 ParOldGen       total 81920K, used 955K [0x0000000088200000, 0x000000008d200000, 0x00000000d8100000)
  object space 81920K, 1% used [0x0000000088200000,0x00000000882eed98,0x000000008d200000)
 Metaspace       used 9887K, capacity 10206K, committed 10368K, reserved 1058816K
  class space    used 1231K, capacity 1345K, committed 1408K, reserved 1048576K
}
Event: 1,041 GC heap before
{Heap before GC invocations=2 (full 0):
 PSYoungGen      total 35840K, used 35701K [0x00000000d8100000, 0x00000000da900000, 0x0000000100000000)
  eden space 30720K, 99% used [0x00000000d8100000,0x00000000d9eded50,0x00000000d9f00000)
  from space 5120K, 99% used [0x00000000d9f00000,0x00000000da3fe7c0,0x00000000da400000)
  to   space 5120K, 0% used [0x00000000da400000,0x00000000da400000,0x00000000da900000)
 ParOldGen       total 81920K, used 955K [0x0000000088200000, 0x000000008d200000, 0x00000000d8100000)
  object space 81920K, 1% used [0x0000000088200000,0x00000000882eed98,0x000000008d200000)
 Metaspace       used 14118K, capacity 14676K, committed 14976K, reserved 1062912K
  class space    used 2023K, capacity 2154K, committed 2176K, reserved 1048576K
Event: 1,051 GC heap after
Heap after GC invocations=2 (full 0):
 PSYoungGen      total 35840K, used 5107K [0x00000000d8100000, 0x00000000dc700000, 0x0000000100000000)
  eden space 30720K, 0% used [0x00000000d8100000,0x00000000d8100000,0x00000000d9f00000)
  from space 5120K, 99% used [0x00000000da400000,0x00000000da8fcc70,0x00000000da900000)
  to   space 5120K, 0% used [0x00000000d9f00000,0x00000000d9f00000,0x00000000da400000)
 ParOldGen       total 81920K, used 2641K [0x0000000088200000, 0x000000008d200000, 0x00000000d8100000)
  object space 81920K, 3% used [0x0000000088200000,0x00000000884946d8,0x000000008d200000)
 Metaspace       used 14118K, capacity 14676K, committed 14976K, reserved 1062912K
  class space    used 2023K, capacity 2154K, committed 2176K, reserved 1048576K
}

