# JRE version: OpenJDK Runtime Environment (8.0_181-b13) (build 1.8.0_181-8u181-b13-2~deb9u1-b13)
# Java VM: OpenJDK 64-Bit Server VM (25.181-b13 mixed mode linux-amd64 compressed oops)
Heap:
 PSYoungGen      total 66560K, used 27970K [0x00000000d8100000, 0x00000000dc700000, 0x0000000100000000)
  eden space 61440K, 37% used [0x00000000d8100000,0x00000000d9753c98,0x00000000dbd00000)
  from space 5120K, 99% used [0x00000000dc200000,0x00000000dc6fcc50,0x00000000dc700000)
  to   space 5120K, 0% used [0x00000000dbd00000,0x00000000dbd00000,0x00000000dc200000)
 ParOldGen       total 81920K, used 2665K [0x0000000088200000, 0x000000008d200000, 0x00000000d8100000)
  object space 81920K, 3% used [0x0000000088200000,0x000000008849a418,0x000000008d200000)
 Metaspace       used 15005K, capacity 15806K, committed 15872K, reserved 1062912K
  class space    used 2099K, capacity 2292K, committed 2304K, reserved 1048576K
GC Heap History (4 events):
Event: 0,579 GC heap before
{Heap before GC invocations=1 (full 0):
 PSYoungGen      total 35840K, used 30720K [0x00000000d8100000, 0x00000000da900000, 0x0000000100000000)
  eden space 30720K, 100% used [0x00000000d8100000,0x00000000d9f00000,0x00000000d9f00000)
  from space 5120K, 0% used [0x00000000da400000,0x00000000da400000,0x00000000da900000)
  to   space 5120K, 0% used [0x00000000d9f00000,0x00000000d9f00000,0x00000000da400000)
 ParOldGen       total 81920K, used 0K [0x0000000088200000, 0x000000008d200000, 0x00000000d8100000)
  object space 81920K, 0% used [0x0000000088200000,0x0000000088200000,0x000000008d200000)
 Metaspace       used 9887K, capacity 10206K, committed 10368K, reserved 1058816K
  class space    used 1231K, capacity 1345K, committed 1408K, reserved 1048576K
Event: 0,587 GC heap after
Heap after GC invocations=1 (full 0):
 PSYoungGen      total 35840K, used 5088K [0x00000000d8100000, 0x00000000dc700000, 0x0000000100000000)
  eden space 30720K, 0% used [0x00000000d8100000,0x00000000d8100000,0x00000000d9f00000)
  from space 5120K, 99% used [0x00000000d9f00000,0x00000000da3f8200,0x00000000da400000)
  to   space 5120K, 0% used [0x00000000dc200000,0x00000000dc200000,0x00000000dc700000)
 ParOldGen       total 81920K, used 978K [0x0000000088200000, 0x000000008d200000, 0x00000000d8100000)
  object space 81920K, 1% used [0x0000000088200000,0x00000000882f49c0,0x000000008d200000)
 Metaspace       used 9887K, capacity 10206K, committed 10368K, reserved 1058816K
  class space    used 1231K, capacity 1345K, committed 1408K, reserved 1048576K
}
Event: 0,973 GC heap before
{Heap before GC invocations=2 (full 0):
 PSYoungGen      total 35840K, used 35676K [0x00000000d8100000, 0x00000000dc700000, 0x0000000100000000)
  eden space 30720K, 99% used [0x00000000d8100000,0x00000000d9edef90,0x00000000d9f00000)
  from space 5120K, 99% used [0x00000000d9f00000,0x00000000da3f8200,0x00000000da400000)
  to   space 5120K, 0% used [0x00000000dc200000,0x00000000dc200000,0x00000000dc700000)
 ParOldGen       total 81920K, used 978K [0x0000000088200000, 0x000000008d200000, 0x00000000d8100000)
  object space 81920K, 1% used [0x0000000088200000,0x00000000882f49c0,0x000000008d200000)
 Metaspace       used 14124K, capacity 14684K, committed 14976K, reserved 1062912K
  class space    used 2024K, capacity 2154K, committed 2176K, reserved 1048576K
Event: 0,984 GC heap after
Heap after GC invocations=2 (full 0):
 PSYoungGen      total 66560K, used 5107K [0x00000000d8100000, 0x00000000dc700000, 0x0000000100000000)
  eden space 61440K, 0% used [0x00000000d8100000,0x00000000d8100000,0x00000000dbd00000)
  from space 5120K, 99% used [0x00000000dc200000,0x00000000dc6fcc50,0x00000000dc700000)
  to   space 5120K, 0% used [0x00000000dbd00000,0x00000000dbd00000,0x00000000dc200000)
 ParOldGen       total 81920K, used 2665K [0x0000000088200000, 0x000000008d200000, 0x00000000d8100000)
  object space 81920K, 3% used [0x0000000088200000,0x000000008849a418,0x000000008d200000)
 Metaspace       used 14124K, capacity 14684K, committed 14976K, reserved 1062912K
  class space    used 2024K, capacity 2154K, committed 2176K, reserved 1048576K
}

